2022-03-16 09:39:55,304 INFO [main] o.a.n.b.NotificationServiceManager Successfully loaded the following 0 services: []
2022-03-16 09:39:55,308 INFO [main] org.apache.nifi.bootstrap.RunNiFi Registered no Notification Services for Notification Type NIFI_STARTED
2022-03-16 09:39:55,308 INFO [main] org.apache.nifi.bootstrap.RunNiFi Registered no Notification Services for Notification Type NIFI_STOPPED
2022-03-16 09:39:55,308 INFO [main] org.apache.nifi.bootstrap.RunNiFi Registered no Notification Services for Notification Type NIFI_DIED
2022-03-16 09:39:55,312 INFO [main] org.apache.nifi.bootstrap.RunNiFi Runtime Java version: 1.8.0_312
2022-03-16 09:39:55,330 INFO [main] org.apache.nifi.bootstrap.Command Starting Apache NiFi...
2022-03-16 09:39:55,330 INFO [main] org.apache.nifi.bootstrap.Command Working Directory: /opt/nifi/nifi-current
2022-03-16 09:39:55,330 INFO [main] org.apache.nifi.bootstrap.Command Command: /usr/local/openjdk-8/bin/java -classpath /opt/nifi/nifi-current/./conf:/opt/nifi/nifi-current/./lib/nifi-nar-utils-1.15.0.jar:/opt/nifi/nifi-current/./lib/nifi-properties-1.15.0.jar:/opt/nifi/nifi-current/./lib/javax.servlet-api-3.1.0.jar:/opt/nifi/nifi-current/./lib/nifi-stateless-api-1.15.0.jar:/opt/nifi/nifi-current/./lib/nifi-server-api-1.15.0.jar:/opt/nifi/nifi-current/./lib/nifi-runtime-1.15.0.jar:/opt/nifi/nifi-current/./lib/slf4j-api-1.7.32.jar:/opt/nifi/nifi-current/./lib/nifi-api-1.15.0.jar:/opt/nifi/nifi-current/./lib/log4j-over-slf4j-1.7.32.jar:/opt/nifi/nifi-current/./lib/jetty-schemas-3.1.jar:/opt/nifi/nifi-current/./lib/jcl-over-slf4j-1.7.32.jar:/opt/nifi/nifi-current/./lib/nifi-stateless-bootstrap-1.15.0.jar:/opt/nifi/nifi-current/./lib/nifi-property-utils-1.15.0.jar:/opt/nifi/nifi-current/./lib/logback-core-1.2.6.jar:/opt/nifi/nifi-current/./lib/jul-to-slf4j-1.7.32.jar:/opt/nifi/nifi-current/./lib/logback-classic-1.2.6.jar:/opt/nifi/nifi-current/./lib/nifi-framework-api-1.15.0.jar -Dorg.apache.jasper.compiler.disablejsr199=true -Xmx512m -Xms512m -Dcurator-log-only-first-connection-issue-as-error-level=true -Djavax.security.auth.useSubjectCredsOnly=true -Djava.security.egd=file:/dev/urandom -Dzookeeper.admin.enableServer=false -Dsun.net.http.allowRestrictedHeaders=true -Djava.net.preferIPv4Stack=true -Djava.awt.headless=true -Djava.protocol.handler.pkgs=sun.net.www.protocol -Dnifi.properties.file.path=/opt/nifi/nifi-current/./conf/nifi.properties -Dnifi.bootstrap.listen.port=38989 -Dapp=NiFi -Dorg.apache.nifi.bootstrap.config.log.dir=/opt/nifi/nifi-current/logs org.apache.nifi.NiFi 
2022-03-16 09:39:55,346 INFO [main] org.apache.nifi.bootstrap.Command Launched Apache NiFi with Process ID 102
2022-03-16 09:39:56,119 INFO [NiFi Bootstrap Command Listener] org.apache.nifi.bootstrap.RunNiFi Apache NiFi now running and listening for Bootstrap requests on port 33505
2022-03-16 09:41:03,711 INFO [main] o.a.n.b.NotificationServiceManager Successfully loaded the following 0 services: []
2022-03-16 09:41:03,715 INFO [main] org.apache.nifi.bootstrap.RunNiFi Registered no Notification Services for Notification Type NIFI_STARTED
2022-03-16 09:41:03,715 INFO [main] org.apache.nifi.bootstrap.RunNiFi Registered no Notification Services for Notification Type NIFI_STOPPED
2022-03-16 09:41:03,715 INFO [main] org.apache.nifi.bootstrap.RunNiFi Registered no Notification Services for Notification Type NIFI_DIED
2022-03-16 09:41:03,733 INFO [main] org.apache.nifi.bootstrap.Command Apache NiFi has accepted the Shutdown Command and is shutting down now
2022-03-16 09:41:03,743 INFO [main] org.apache.nifi.bootstrap.Command Waiting for Apache NiFi to finish shutting down...
2022-03-16 09:41:05,748 INFO [main] org.apache.nifi.bootstrap.Command Waiting for Apache NiFi to finish shutting down...
2022-03-16 09:41:06,358 INFO [main] org.apache.nifi.bootstrap.RunNiFi A shutdown was initiated. Will not restart NiFi
2022-03-16 09:41:07,752 INFO [main] org.apache.nifi.bootstrap.Command NiFi has finished shutting down.
2022-03-16 09:42:05,176 INFO [main] o.a.n.b.NotificationServiceManager Successfully loaded the following 0 services: []
2022-03-16 09:42:05,180 INFO [main] org.apache.nifi.bootstrap.RunNiFi Registered no Notification Services for Notification Type NIFI_STARTED
2022-03-16 09:42:05,181 INFO [main] org.apache.nifi.bootstrap.RunNiFi Registered no Notification Services for Notification Type NIFI_STOPPED
2022-03-16 09:42:05,181 INFO [main] org.apache.nifi.bootstrap.RunNiFi Registered no Notification Services for Notification Type NIFI_DIED
2022-03-16 09:42:05,184 INFO [main] org.apache.nifi.bootstrap.RunNiFi Runtime Java version: 1.8.0_312
2022-03-16 09:42:05,203 INFO [main] org.apache.nifi.bootstrap.Command Starting Apache NiFi...
2022-03-16 09:42:05,203 INFO [main] org.apache.nifi.bootstrap.Command Working Directory: /opt/nifi/nifi-current
2022-03-16 09:42:05,203 INFO [main] org.apache.nifi.bootstrap.Command Command: /usr/local/openjdk-8/bin/java -classpath /opt/nifi/nifi-current/./conf:/opt/nifi/nifi-current/./lib/nifi-nar-utils-1.15.0.jar:/opt/nifi/nifi-current/./lib/nifi-properties-1.15.0.jar:/opt/nifi/nifi-current/./lib/javax.servlet-api-3.1.0.jar:/opt/nifi/nifi-current/./lib/nifi-stateless-api-1.15.0.jar:/opt/nifi/nifi-current/./lib/nifi-server-api-1.15.0.jar:/opt/nifi/nifi-current/./lib/nifi-runtime-1.15.0.jar:/opt/nifi/nifi-current/./lib/slf4j-api-1.7.32.jar:/opt/nifi/nifi-current/./lib/nifi-api-1.15.0.jar:/opt/nifi/nifi-current/./lib/log4j-over-slf4j-1.7.32.jar:/opt/nifi/nifi-current/./lib/jetty-schemas-3.1.jar:/opt/nifi/nifi-current/./lib/jcl-over-slf4j-1.7.32.jar:/opt/nifi/nifi-current/./lib/nifi-stateless-bootstrap-1.15.0.jar:/opt/nifi/nifi-current/./lib/nifi-property-utils-1.15.0.jar:/opt/nifi/nifi-current/./lib/logback-core-1.2.6.jar:/opt/nifi/nifi-current/./lib/jul-to-slf4j-1.7.32.jar:/opt/nifi/nifi-current/./lib/logback-classic-1.2.6.jar:/opt/nifi/nifi-current/./lib/nifi-framework-api-1.15.0.jar -Dorg.apache.jasper.compiler.disablejsr199=true -Xmx512m -Xms512m -Dcurator-log-only-first-connection-issue-as-error-level=true -Djavax.security.auth.useSubjectCredsOnly=true -Djava.security.egd=file:/dev/urandom -Dzookeeper.admin.enableServer=false -Dsun.net.http.allowRestrictedHeaders=true -Djava.net.preferIPv4Stack=true -Djava.awt.headless=true -Djava.protocol.handler.pkgs=sun.net.www.protocol -Dnifi.properties.file.path=/opt/nifi/nifi-current/./conf/nifi.properties -Dnifi.bootstrap.listen.port=43801 -Dapp=NiFi -Dorg.apache.nifi.bootstrap.config.log.dir=/opt/nifi/nifi-current/logs org.apache.nifi.NiFi 
2022-03-16 09:42:05,219 INFO [main] org.apache.nifi.bootstrap.Command Launched Apache NiFi with Process ID 101
2022-03-16 09:42:06,002 INFO [NiFi Bootstrap Command Listener] org.apache.nifi.bootstrap.RunNiFi Apache NiFi now running and listening for Bootstrap requests on port 35485
