2022-05-10 09:00:13,284 INFO [pool-9-thread-1] o.a.n.c.r.WriteAheadFlowFileRepository Initiating checkpoint of FlowFile Repository
2022-05-10 09:00:13,286 INFO [pool-9-thread-1] o.a.n.c.r.WriteAheadFlowFileRepository Successfully checkpointed FlowFile Repository with 0 records in 0 milliseconds
2022-05-10 09:00:13,724 INFO [Cleanup Archive for default] o.a.n.c.repository.FileSystemRepository Successfully deleted 0 files (0 bytes) from archive
2022-05-10 09:00:33,287 INFO [pool-9-thread-1] o.a.n.c.r.WriteAheadFlowFileRepository Initiating checkpoint of FlowFile Repository
2022-05-10 09:00:33,288 INFO [pool-9-thread-1] o.a.n.c.r.WriteAheadFlowFileRepository Successfully checkpointed FlowFile Repository with 0 records in 0 milliseconds
2022-05-10 09:00:53,288 INFO [pool-9-thread-1] o.a.n.c.r.WriteAheadFlowFileRepository Initiating checkpoint of FlowFile Repository
2022-05-10 09:00:53,288 INFO [pool-9-thread-1] o.a.n.c.r.WriteAheadFlowFileRepository Successfully checkpointed FlowFile Repository with 0 records in 0 milliseconds
2022-05-10 09:01:13,288 INFO [pool-9-thread-1] o.a.n.c.r.WriteAheadFlowFileRepository Initiating checkpoint of FlowFile Repository
2022-05-10 09:01:13,289 INFO [pool-9-thread-1] o.a.n.c.r.WriteAheadFlowFileRepository Successfully checkpointed FlowFile Repository with 0 records in 0 milliseconds
2022-05-10 09:01:13,790 INFO [Cleanup Archive for default] o.a.n.c.repository.FileSystemRepository Successfully deleted 0 files (0 bytes) from archive
2022-05-10 09:01:33,289 INFO [pool-9-thread-1] o.a.n.c.r.WriteAheadFlowFileRepository Initiating checkpoint of FlowFile Repository
2022-05-10 09:01:33,289 INFO [pool-9-thread-1] o.a.n.c.r.WriteAheadFlowFileRepository Successfully checkpointed FlowFile Repository with 0 records in 0 milliseconds
2022-05-10 09:01:53,289 INFO [pool-9-thread-1] o.a.n.c.r.WriteAheadFlowFileRepository Initiating checkpoint of FlowFile Repository
2022-05-10 09:01:53,290 INFO [pool-9-thread-1] o.a.n.c.r.WriteAheadFlowFileRepository Successfully checkpointed FlowFile Repository with 0 records in 0 milliseconds
2022-05-10 09:01:59,587 INFO [Write-Ahead Local State Provider Maintenance] org.wali.MinimalLockingWriteAheadLog org.wali.MinimalLockingWriteAheadLog@70f98f7a checkpointed with 1 Records and 0 Swap Files in 13 milliseconds (Stop-the-world time = 4 milliseconds, Clear Edit Logs time = 4 millis), max Transaction ID 2202
2022-05-10 09:02:13,290 INFO [pool-9-thread-1] o.a.n.c.r.WriteAheadFlowFileRepository Initiating checkpoint of FlowFile Repository
2022-05-10 09:02:13,290 INFO [pool-9-thread-1] o.a.n.c.r.WriteAheadFlowFileRepository Successfully checkpointed FlowFile Repository with 0 records in 0 milliseconds
2022-05-10 09:02:13,851 INFO [Cleanup Archive for default] o.a.n.c.repository.FileSystemRepository Successfully deleted 0 files (0 bytes) from archive
2022-05-10 09:02:33,290 INFO [pool-9-thread-1] o.a.n.c.r.WriteAheadFlowFileRepository Initiating checkpoint of FlowFile Repository
2022-05-10 09:02:33,291 INFO [pool-9-thread-1] o.a.n.c.r.WriteAheadFlowFileRepository Successfully checkpointed FlowFile Repository with 0 records in 0 milliseconds
2022-05-10 09:02:53,291 INFO [pool-9-thread-1] o.a.n.c.r.WriteAheadFlowFileRepository Initiating checkpoint of FlowFile Repository
2022-05-10 09:02:53,291 INFO [pool-9-thread-1] o.a.n.c.r.WriteAheadFlowFileRepository Successfully checkpointed FlowFile Repository with 0 records in 0 milliseconds
2022-05-10 09:03:13,291 INFO [pool-9-thread-1] o.a.n.c.r.WriteAheadFlowFileRepository Initiating checkpoint of FlowFile Repository
2022-05-10 09:03:13,292 INFO [pool-9-thread-1] o.a.n.c.r.WriteAheadFlowFileRepository Successfully checkpointed FlowFile Repository with 0 records in 0 milliseconds
2022-05-10 09:03:13,915 INFO [Cleanup Archive for default] o.a.n.c.repository.FileSystemRepository Successfully deleted 0 files (0 bytes) from archive
2022-05-10 09:03:33,292 INFO [pool-9-thread-1] o.a.n.c.r.WriteAheadFlowFileRepository Initiating checkpoint of FlowFile Repository
2022-05-10 09:03:33,292 INFO [pool-9-thread-1] o.a.n.c.r.WriteAheadFlowFileRepository Successfully checkpointed FlowFile Repository with 0 records in 0 milliseconds
2022-05-10 09:03:53,292 INFO [pool-9-thread-1] o.a.n.c.r.WriteAheadFlowFileRepository Initiating checkpoint of FlowFile Repository
2022-05-10 09:03:53,293 INFO [pool-9-thread-1] o.a.n.c.r.WriteAheadFlowFileRepository Successfully checkpointed FlowFile Repository with 0 records in 0 milliseconds
2022-05-10 09:03:59,600 INFO [Write-Ahead Local State Provider Maintenance] org.wali.MinimalLockingWriteAheadLog org.wali.MinimalLockingWriteAheadLog@70f98f7a checkpointed with 1 Records and 0 Swap Files in 13 milliseconds (Stop-the-world time = 4 milliseconds, Clear Edit Logs time = 4 millis), max Transaction ID 2202
2022-05-10 09:04:13,293 INFO [pool-9-thread-1] o.a.n.c.r.WriteAheadFlowFileRepository Initiating checkpoint of FlowFile Repository
2022-05-10 09:04:13,293 INFO [pool-9-thread-1] o.a.n.c.r.WriteAheadFlowFileRepository Successfully checkpointed FlowFile Repository with 0 records in 0 milliseconds
2022-05-10 09:04:13,980 INFO [Cleanup Archive for default] o.a.n.c.repository.FileSystemRepository Successfully deleted 0 files (0 bytes) from archive
2022-05-10 09:04:33,293 INFO [pool-9-thread-1] o.a.n.c.r.WriteAheadFlowFileRepository Initiating checkpoint of FlowFile Repository
2022-05-10 09:04:33,294 INFO [pool-9-thread-1] o.a.n.c.r.WriteAheadFlowFileRepository Successfully checkpointed FlowFile Repository with 0 records in 0 milliseconds
2022-05-10 09:04:53,294 INFO [pool-9-thread-1] o.a.n.c.r.WriteAheadFlowFileRepository Initiating checkpoint of FlowFile Repository
2022-05-10 09:04:53,294 INFO [pool-9-thread-1] o.a.n.c.r.WriteAheadFlowFileRepository Successfully checkpointed FlowFile Repository with 0 records in 0 milliseconds
2022-05-10 09:05:13,294 INFO [pool-9-thread-1] o.a.n.c.r.WriteAheadFlowFileRepository Initiating checkpoint of FlowFile Repository
2022-05-10 09:05:13,295 INFO [pool-9-thread-1] o.a.n.c.r.WriteAheadFlowFileRepository Successfully checkpointed FlowFile Repository with 0 records in 0 milliseconds
2022-05-10 09:05:14,043 INFO [Cleanup Archive for default] o.a.n.c.repository.FileSystemRepository Successfully deleted 0 files (0 bytes) from archive
2022-05-10 09:05:33,295 INFO [pool-9-thread-1] o.a.n.c.r.WriteAheadFlowFileRepository Initiating checkpoint of FlowFile Repository
2022-05-10 09:05:33,295 INFO [pool-9-thread-1] o.a.n.c.r.WriteAheadFlowFileRepository Successfully checkpointed FlowFile Repository with 0 records in 0 milliseconds
2022-05-10 09:05:53,295 INFO [pool-9-thread-1] o.a.n.c.r.WriteAheadFlowFileRepository Initiating checkpoint of FlowFile Repository
2022-05-10 09:05:53,296 INFO [pool-9-thread-1] o.a.n.c.r.WriteAheadFlowFileRepository Successfully checkpointed FlowFile Repository with 0 records in 0 milliseconds
2022-05-10 09:05:59,646 INFO [Write-Ahead Local State Provider Maintenance] org.wali.MinimalLockingWriteAheadLog org.wali.MinimalLockingWriteAheadLog@70f98f7a checkpointed with 1 Records and 0 Swap Files in 44 milliseconds (Stop-the-world time = 4 milliseconds, Clear Edit Logs time = 36 millis), max Transaction ID 2202
2022-05-10 09:06:13,296 INFO [pool-9-thread-1] o.a.n.c.r.WriteAheadFlowFileRepository Initiating checkpoint of FlowFile Repository
2022-05-10 09:06:13,296 INFO [pool-9-thread-1] o.a.n.c.r.WriteAheadFlowFileRepository Successfully checkpointed FlowFile Repository with 0 records in 0 milliseconds
2022-05-10 09:06:14,109 INFO [Cleanup Archive for default] o.a.n.c.repository.FileSystemRepository Successfully deleted 0 files (0 bytes) from archive
2022-05-10 09:06:33,296 INFO [pool-9-thread-1] o.a.n.c.r.WriteAheadFlowFileRepository Initiating checkpoint of FlowFile Repository
2022-05-10 09:06:33,296 INFO [pool-9-thread-1] o.a.n.c.r.WriteAheadFlowFileRepository Successfully checkpointed FlowFile Repository with 0 records in 0 milliseconds
2022-05-10 09:06:53,297 INFO [pool-9-thread-1] o.a.n.c.r.WriteAheadFlowFileRepository Initiating checkpoint of FlowFile Repository
2022-05-10 09:06:53,297 INFO [pool-9-thread-1] o.a.n.c.r.WriteAheadFlowFileRepository Successfully checkpointed FlowFile Repository with 0 records in 0 milliseconds
2022-05-10 09:07:13,297 INFO [pool-9-thread-1] o.a.n.c.r.WriteAheadFlowFileRepository Initiating checkpoint of FlowFile Repository
2022-05-10 09:07:13,298 INFO [pool-9-thread-1] o.a.n.c.r.WriteAheadFlowFileRepository Successfully checkpointed FlowFile Repository with 0 records in 0 milliseconds
2022-05-10 09:07:14,175 INFO [Cleanup Archive for default] o.a.n.c.repository.FileSystemRepository Successfully deleted 0 files (0 bytes) from archive
2022-05-10 09:07:33,298 INFO [pool-9-thread-1] o.a.n.c.r.WriteAheadFlowFileRepository Initiating checkpoint of FlowFile Repository
2022-05-10 09:07:33,298 INFO [pool-9-thread-1] o.a.n.c.r.WriteAheadFlowFileRepository Successfully checkpointed FlowFile Repository with 0 records in 0 milliseconds
2022-05-10 09:07:53,298 INFO [pool-9-thread-1] o.a.n.c.r.WriteAheadFlowFileRepository Initiating checkpoint of FlowFile Repository
2022-05-10 09:07:53,299 INFO [pool-9-thread-1] o.a.n.c.r.WriteAheadFlowFileRepository Successfully checkpointed FlowFile Repository with 0 records in 0 milliseconds
2022-05-10 09:07:59,659 INFO [Write-Ahead Local State Provider Maintenance] org.wali.MinimalLockingWriteAheadLog org.wali.MinimalLockingWriteAheadLog@70f98f7a checkpointed with 1 Records and 0 Swap Files in 13 milliseconds (Stop-the-world time = 4 milliseconds, Clear Edit Logs time = 4 millis), max Transaction ID 2202
2022-05-10 09:08:13,299 INFO [pool-9-thread-1] o.a.n.c.r.WriteAheadFlowFileRepository Initiating checkpoint of FlowFile Repository
2022-05-10 09:08:13,299 INFO [pool-9-thread-1] o.a.n.c.r.WriteAheadFlowFileRepository Successfully checkpointed FlowFile Repository with 0 records in 0 milliseconds
2022-05-10 09:08:14,287 INFO [Cleanup Archive for default] o.a.n.c.repository.FileSystemRepository Successfully deleted 0 files (0 bytes) from archive
2022-05-10 09:08:33,299 INFO [pool-9-thread-1] o.a.n.c.r.WriteAheadFlowFileRepository Initiating checkpoint of FlowFile Repository
2022-05-10 09:08:33,300 INFO [pool-9-thread-1] o.a.n.c.r.WriteAheadFlowFileRepository Successfully checkpointed FlowFile Repository with 0 records in 0 milliseconds
2022-05-10 09:08:53,300 INFO [pool-9-thread-1] o.a.n.c.r.WriteAheadFlowFileRepository Initiating checkpoint of FlowFile Repository
2022-05-10 09:08:53,300 INFO [pool-9-thread-1] o.a.n.c.r.WriteAheadFlowFileRepository Successfully checkpointed FlowFile Repository with 0 records in 0 milliseconds
2022-05-10 09:09:13,301 INFO [pool-9-thread-1] o.a.n.c.r.WriteAheadFlowFileRepository Initiating checkpoint of FlowFile Repository
2022-05-10 09:09:13,301 INFO [pool-9-thread-1] o.a.n.c.r.WriteAheadFlowFileRepository Successfully checkpointed FlowFile Repository with 0 records in 0 milliseconds
2022-05-10 09:09:14,355 INFO [Cleanup Archive for default] o.a.n.c.repository.FileSystemRepository Successfully deleted 0 files (0 bytes) from archive
2022-05-10 09:09:33,301 INFO [pool-9-thread-1] o.a.n.c.r.WriteAheadFlowFileRepository Initiating checkpoint of FlowFile Repository
2022-05-10 09:09:33,301 INFO [pool-9-thread-1] o.a.n.c.r.WriteAheadFlowFileRepository Successfully checkpointed FlowFile Repository with 0 records in 0 milliseconds
2022-05-10 09:09:53,302 INFO [pool-9-thread-1] o.a.n.c.r.WriteAheadFlowFileRepository Initiating checkpoint of FlowFile Repository
2022-05-10 09:09:53,302 INFO [pool-9-thread-1] o.a.n.c.r.WriteAheadFlowFileRepository Successfully checkpointed FlowFile Repository with 0 records in 0 milliseconds
2022-05-10 09:09:59,673 INFO [Write-Ahead Local State Provider Maintenance] org.wali.MinimalLockingWriteAheadLog org.wali.MinimalLockingWriteAheadLog@70f98f7a checkpointed with 1 Records and 0 Swap Files in 13 milliseconds (Stop-the-world time = 4 milliseconds, Clear Edit Logs time = 4 millis), max Transaction ID 2202
2022-05-10 09:10:13,302 INFO [pool-9-thread-1] o.a.n.c.r.WriteAheadFlowFileRepository Initiating checkpoint of FlowFile Repository
2022-05-10 09:10:13,302 INFO [pool-9-thread-1] o.a.n.c.r.WriteAheadFlowFileRepository Successfully checkpointed FlowFile Repository with 0 records in 0 milliseconds
2022-05-10 09:10:14,419 INFO [Cleanup Archive for default] o.a.n.c.repository.FileSystemRepository Successfully deleted 0 files (0 bytes) from archive
2022-05-10 09:10:33,303 INFO [pool-9-thread-1] o.a.n.c.r.WriteAheadFlowFileRepository Initiating checkpoint of FlowFile Repository
2022-05-10 09:10:33,303 INFO [pool-9-thread-1] o.a.n.c.r.WriteAheadFlowFileRepository Successfully checkpointed FlowFile Repository with 0 records in 0 milliseconds
2022-05-10 09:10:53,303 INFO [pool-9-thread-1] o.a.n.c.r.WriteAheadFlowFileRepository Initiating checkpoint of FlowFile Repository
2022-05-10 09:10:53,303 INFO [pool-9-thread-1] o.a.n.c.r.WriteAheadFlowFileRepository Successfully checkpointed FlowFile Repository with 0 records in 0 milliseconds
2022-05-10 09:11:13,304 INFO [pool-9-thread-1] o.a.n.c.r.WriteAheadFlowFileRepository Initiating checkpoint of FlowFile Repository
2022-05-10 09:11:13,304 INFO [pool-9-thread-1] o.a.n.c.r.WriteAheadFlowFileRepository Successfully checkpointed FlowFile Repository with 0 records in 0 milliseconds
2022-05-10 09:11:14,481 INFO [Cleanup Archive for default] o.a.n.c.repository.FileSystemRepository Successfully deleted 0 files (0 bytes) from archive
2022-05-10 09:11:33,304 INFO [pool-9-thread-1] o.a.n.c.r.WriteAheadFlowFileRepository Initiating checkpoint of FlowFile Repository
2022-05-10 09:11:33,304 INFO [pool-9-thread-1] o.a.n.c.r.WriteAheadFlowFileRepository Successfully checkpointed FlowFile Repository with 0 records in 0 milliseconds
2022-05-10 09:11:53,305 INFO [pool-9-thread-1] o.a.n.c.r.WriteAheadFlowFileRepository Initiating checkpoint of FlowFile Repository
2022-05-10 09:11:53,305 INFO [pool-9-thread-1] o.a.n.c.r.WriteAheadFlowFileRepository Successfully checkpointed FlowFile Repository with 0 records in 0 milliseconds
2022-05-10 09:11:59,686 INFO [Write-Ahead Local State Provider Maintenance] org.wali.MinimalLockingWriteAheadLog org.wali.MinimalLockingWriteAheadLog@70f98f7a checkpointed with 1 Records and 0 Swap Files in 13 milliseconds (Stop-the-world time = 4 milliseconds, Clear Edit Logs time = 4 millis), max Transaction ID 2202
2022-05-10 09:12:13,305 INFO [pool-9-thread-1] o.a.n.c.r.WriteAheadFlowFileRepository Initiating checkpoint of FlowFile Repository
2022-05-10 09:12:13,305 INFO [pool-9-thread-1] o.a.n.c.r.WriteAheadFlowFileRepository Successfully checkpointed FlowFile Repository with 0 records in 0 milliseconds
2022-05-10 09:12:14,544 INFO [Cleanup Archive for default] o.a.n.c.repository.FileSystemRepository Successfully deleted 0 files (0 bytes) from archive
2022-05-10 09:12:33,306 INFO [pool-9-thread-1] o.a.n.c.r.WriteAheadFlowFileRepository Initiating checkpoint of FlowFile Repository
2022-05-10 09:12:33,306 INFO [pool-9-thread-1] o.a.n.c.r.WriteAheadFlowFileRepository Successfully checkpointed FlowFile Repository with 0 records in 0 milliseconds
2022-05-10 09:12:53,306 INFO [pool-9-thread-1] o.a.n.c.r.WriteAheadFlowFileRepository Initiating checkpoint of FlowFile Repository
2022-05-10 09:12:53,306 INFO [pool-9-thread-1] o.a.n.c.r.WriteAheadFlowFileRepository Successfully checkpointed FlowFile Repository with 0 records in 0 milliseconds
2022-05-10 09:13:13,307 INFO [pool-9-thread-1] o.a.n.c.r.WriteAheadFlowFileRepository Initiating checkpoint of FlowFile Repository
2022-05-10 09:13:13,307 INFO [pool-9-thread-1] o.a.n.c.r.WriteAheadFlowFileRepository Successfully checkpointed FlowFile Repository with 0 records in 0 milliseconds
2022-05-10 09:13:14,609 INFO [Cleanup Archive for default] o.a.n.c.repository.FileSystemRepository Successfully deleted 0 files (0 bytes) from archive
2022-05-10 09:13:33,307 INFO [pool-9-thread-1] o.a.n.c.r.WriteAheadFlowFileRepository Initiating checkpoint of FlowFile Repository
2022-05-10 09:13:33,307 INFO [pool-9-thread-1] o.a.n.c.r.WriteAheadFlowFileRepository Successfully checkpointed FlowFile Repository with 0 records in 0 milliseconds
2022-05-10 09:13:53,308 INFO [pool-9-thread-1] o.a.n.c.r.WriteAheadFlowFileRepository Initiating checkpoint of FlowFile Repository
2022-05-10 09:13:53,308 INFO [pool-9-thread-1] o.a.n.c.r.WriteAheadFlowFileRepository Successfully checkpointed FlowFile Repository with 0 records in 0 milliseconds
2022-05-10 09:13:59,700 INFO [Write-Ahead Local State Provider Maintenance] org.wali.MinimalLockingWriteAheadLog org.wali.MinimalLockingWriteAheadLog@70f98f7a checkpointed with 1 Records and 0 Swap Files in 12 milliseconds (Stop-the-world time = 4 milliseconds, Clear Edit Logs time = 4 millis), max Transaction ID 2202
2022-05-10 09:14:13,308 INFO [pool-9-thread-1] o.a.n.c.r.WriteAheadFlowFileRepository Initiating checkpoint of FlowFile Repository
2022-05-10 09:14:13,308 INFO [pool-9-thread-1] o.a.n.c.r.WriteAheadFlowFileRepository Successfully checkpointed FlowFile Repository with 0 records in 0 milliseconds
2022-05-10 09:14:14,673 INFO [Cleanup Archive for default] o.a.n.c.repository.FileSystemRepository Successfully deleted 0 files (0 bytes) from archive
2022-05-10 09:14:33,309 INFO [pool-9-thread-1] o.a.n.c.r.WriteAheadFlowFileRepository Initiating checkpoint of FlowFile Repository
2022-05-10 09:14:33,309 INFO [pool-9-thread-1] o.a.n.c.r.WriteAheadFlowFileRepository Successfully checkpointed FlowFile Repository with 0 records in 0 milliseconds
2022-05-10 09:14:53,309 INFO [pool-9-thread-1] o.a.n.c.r.WriteAheadFlowFileRepository Initiating checkpoint of FlowFile Repository
2022-05-10 09:14:53,309 INFO [pool-9-thread-1] o.a.n.c.r.WriteAheadFlowFileRepository Successfully checkpointed FlowFile Repository with 0 records in 0 milliseconds
2022-05-10 09:15:13,310 INFO [pool-9-thread-1] o.a.n.c.r.WriteAheadFlowFileRepository Initiating checkpoint of FlowFile Repository
2022-05-10 09:15:13,310 INFO [pool-9-thread-1] o.a.n.c.r.WriteAheadFlowFileRepository Successfully checkpointed FlowFile Repository with 0 records in 0 milliseconds
2022-05-10 09:15:14,736 INFO [Cleanup Archive for default] o.a.n.c.repository.FileSystemRepository Successfully deleted 0 files (0 bytes) from archive
2022-05-10 09:15:33,310 INFO [pool-9-thread-1] o.a.n.c.r.WriteAheadFlowFileRepository Initiating checkpoint of FlowFile Repository
2022-05-10 09:15:33,310 INFO [pool-9-thread-1] o.a.n.c.r.WriteAheadFlowFileRepository Successfully checkpointed FlowFile Repository with 0 records in 0 milliseconds
2022-05-10 09:15:53,310 INFO [pool-9-thread-1] o.a.n.c.r.WriteAheadFlowFileRepository Initiating checkpoint of FlowFile Repository
2022-05-10 09:15:53,311 INFO [pool-9-thread-1] o.a.n.c.r.WriteAheadFlowFileRepository Successfully checkpointed FlowFile Repository with 0 records in 0 milliseconds
2022-05-10 09:15:59,713 INFO [Write-Ahead Local State Provider Maintenance] org.wali.MinimalLockingWriteAheadLog org.wali.MinimalLockingWriteAheadLog@70f98f7a checkpointed with 1 Records and 0 Swap Files in 12 milliseconds (Stop-the-world time = 4 milliseconds, Clear Edit Logs time = 4 millis), max Transaction ID 2202
2022-05-10 09:16:13,311 INFO [pool-9-thread-1] o.a.n.c.r.WriteAheadFlowFileRepository Initiating checkpoint of FlowFile Repository
2022-05-10 09:16:13,311 INFO [pool-9-thread-1] o.a.n.c.r.WriteAheadFlowFileRepository Successfully checkpointed FlowFile Repository with 0 records in 0 milliseconds
2022-05-10 09:16:14,799 INFO [Cleanup Archive for default] o.a.n.c.repository.FileSystemRepository Successfully deleted 0 files (0 bytes) from archive
2022-05-10 09:16:33,311 INFO [pool-9-thread-1] o.a.n.c.r.WriteAheadFlowFileRepository Initiating checkpoint of FlowFile Repository
2022-05-10 09:16:33,312 INFO [pool-9-thread-1] o.a.n.c.r.WriteAheadFlowFileRepository Successfully checkpointed FlowFile Repository with 0 records in 0 milliseconds
2022-05-10 09:16:53,312 INFO [pool-9-thread-1] o.a.n.c.r.WriteAheadFlowFileRepository Initiating checkpoint of FlowFile Repository
2022-05-10 09:16:53,312 INFO [pool-9-thread-1] o.a.n.c.r.WriteAheadFlowFileRepository Successfully checkpointed FlowFile Repository with 0 records in 0 milliseconds
2022-05-10 09:17:13,313 INFO [pool-9-thread-1] o.a.n.c.r.WriteAheadFlowFileRepository Initiating checkpoint of FlowFile Repository
2022-05-10 09:17:13,313 INFO [pool-9-thread-1] o.a.n.c.r.WriteAheadFlowFileRepository Successfully checkpointed FlowFile Repository with 0 records in 0 milliseconds
2022-05-10 09:17:14,861 INFO [Cleanup Archive for default] o.a.n.c.repository.FileSystemRepository Successfully deleted 0 files (0 bytes) from archive
2022-05-10 09:17:33,313 INFO [pool-9-thread-1] o.a.n.c.r.WriteAheadFlowFileRepository Initiating checkpoint of FlowFile Repository
2022-05-10 09:17:33,314 INFO [pool-9-thread-1] o.a.n.c.r.WriteAheadFlowFileRepository Successfully checkpointed FlowFile Repository with 0 records in 0 milliseconds
2022-05-10 09:17:53,314 INFO [pool-9-thread-1] o.a.n.c.r.WriteAheadFlowFileRepository Initiating checkpoint of FlowFile Repository
2022-05-10 09:17:53,314 INFO [pool-9-thread-1] o.a.n.c.r.WriteAheadFlowFileRepository Successfully checkpointed FlowFile Repository with 0 records in 0 milliseconds
2022-05-10 09:17:59,726 INFO [Write-Ahead Local State Provider Maintenance] org.wali.MinimalLockingWriteAheadLog org.wali.MinimalLockingWriteAheadLog@70f98f7a checkpointed with 1 Records and 0 Swap Files in 12 milliseconds (Stop-the-world time = 4 milliseconds, Clear Edit Logs time = 4 millis), max Transaction ID 2202
2022-05-10 09:18:13,314 INFO [pool-9-thread-1] o.a.n.c.r.WriteAheadFlowFileRepository Initiating checkpoint of FlowFile Repository
2022-05-10 09:18:13,315 INFO [pool-9-thread-1] o.a.n.c.r.WriteAheadFlowFileRepository Successfully checkpointed FlowFile Repository with 0 records in 0 milliseconds
2022-05-10 09:18:14,925 INFO [Cleanup Archive for default] o.a.n.c.repository.FileSystemRepository Successfully deleted 0 files (0 bytes) from archive
2022-05-10 09:18:33,315 INFO [pool-9-thread-1] o.a.n.c.r.WriteAheadFlowFileRepository Initiating checkpoint of FlowFile Repository
2022-05-10 09:18:33,315 INFO [pool-9-thread-1] o.a.n.c.r.WriteAheadFlowFileRepository Successfully checkpointed FlowFile Repository with 0 records in 0 milliseconds
2022-05-10 09:18:53,315 INFO [pool-9-thread-1] o.a.n.c.r.WriteAheadFlowFileRepository Initiating checkpoint of FlowFile Repository
2022-05-10 09:18:53,316 INFO [pool-9-thread-1] o.a.n.c.r.WriteAheadFlowFileRepository Successfully checkpointed FlowFile Repository with 0 records in 0 milliseconds
2022-05-10 09:19:13,316 INFO [pool-9-thread-1] o.a.n.c.r.WriteAheadFlowFileRepository Initiating checkpoint of FlowFile Repository
2022-05-10 09:19:13,316 INFO [pool-9-thread-1] o.a.n.c.r.WriteAheadFlowFileRepository Successfully checkpointed FlowFile Repository with 0 records in 0 milliseconds
2022-05-10 09:19:14,988 INFO [Cleanup Archive for default] o.a.n.c.repository.FileSystemRepository Successfully deleted 0 files (0 bytes) from archive
2022-05-10 09:19:33,317 INFO [pool-9-thread-1] o.a.n.c.r.WriteAheadFlowFileRepository Initiating checkpoint of FlowFile Repository
2022-05-10 09:19:33,317 INFO [pool-9-thread-1] o.a.n.c.r.WriteAheadFlowFileRepository Successfully checkpointed FlowFile Repository with 0 records in 0 milliseconds
2022-05-10 09:19:53,317 INFO [pool-9-thread-1] o.a.n.c.r.WriteAheadFlowFileRepository Initiating checkpoint of FlowFile Repository
2022-05-10 09:19:53,318 INFO [pool-9-thread-1] o.a.n.c.r.WriteAheadFlowFileRepository Successfully checkpointed FlowFile Repository with 0 records in 0 milliseconds
2022-05-10 09:19:59,740 INFO [Write-Ahead Local State Provider Maintenance] org.wali.MinimalLockingWriteAheadLog org.wali.MinimalLockingWriteAheadLog@70f98f7a checkpointed with 1 Records and 0 Swap Files in 13 milliseconds (Stop-the-world time = 4 milliseconds, Clear Edit Logs time = 4 millis), max Transaction ID 2202
2022-05-10 09:20:13,318 INFO [pool-9-thread-1] o.a.n.c.r.WriteAheadFlowFileRepository Initiating checkpoint of FlowFile Repository
2022-05-10 09:20:13,318 INFO [pool-9-thread-1] o.a.n.c.r.WriteAheadFlowFileRepository Successfully checkpointed FlowFile Repository with 0 records in 0 milliseconds
2022-05-10 09:20:15,051 INFO [Cleanup Archive for default] o.a.n.c.repository.FileSystemRepository Successfully deleted 0 files (0 bytes) from archive
2022-05-10 09:20:33,318 INFO [pool-9-thread-1] o.a.n.c.r.WriteAheadFlowFileRepository Initiating checkpoint of FlowFile Repository
2022-05-10 09:20:33,319 INFO [pool-9-thread-1] o.a.n.c.r.WriteAheadFlowFileRepository Successfully checkpointed FlowFile Repository with 0 records in 0 milliseconds
2022-05-10 09:20:53,319 INFO [pool-9-thread-1] o.a.n.c.r.WriteAheadFlowFileRepository Initiating checkpoint of FlowFile Repository
2022-05-10 09:20:53,319 INFO [pool-9-thread-1] o.a.n.c.r.WriteAheadFlowFileRepository Successfully checkpointed FlowFile Repository with 0 records in 0 milliseconds
2022-05-10 09:21:13,319 INFO [pool-9-thread-1] o.a.n.c.r.WriteAheadFlowFileRepository Initiating checkpoint of FlowFile Repository
2022-05-10 09:21:13,320 INFO [pool-9-thread-1] o.a.n.c.r.WriteAheadFlowFileRepository Successfully checkpointed FlowFile Repository with 0 records in 0 milliseconds
2022-05-10 09:21:15,122 INFO [Cleanup Archive for default] o.a.n.c.repository.FileSystemRepository Successfully deleted 0 files (0 bytes) from archive
2022-05-10 09:21:33,320 INFO [pool-9-thread-1] o.a.n.c.r.WriteAheadFlowFileRepository Initiating checkpoint of FlowFile Repository
2022-05-10 09:21:33,320 INFO [pool-9-thread-1] o.a.n.c.r.WriteAheadFlowFileRepository Successfully checkpointed FlowFile Repository with 0 records in 0 milliseconds
2022-05-10 09:21:53,321 INFO [pool-9-thread-1] o.a.n.c.r.WriteAheadFlowFileRepository Initiating checkpoint of FlowFile Repository
2022-05-10 09:21:53,321 INFO [pool-9-thread-1] o.a.n.c.r.WriteAheadFlowFileRepository Successfully checkpointed FlowFile Repository with 0 records in 0 milliseconds
2022-05-10 09:21:59,753 INFO [Write-Ahead Local State Provider Maintenance] org.wali.MinimalLockingWriteAheadLog org.wali.MinimalLockingWriteAheadLog@70f98f7a checkpointed with 1 Records and 0 Swap Files in 13 milliseconds (Stop-the-world time = 4 milliseconds, Clear Edit Logs time = 4 millis), max Transaction ID 2202
2022-05-10 09:22:13,321 INFO [pool-9-thread-1] o.a.n.c.r.WriteAheadFlowFileRepository Initiating checkpoint of FlowFile Repository
2022-05-10 09:22:13,321 INFO [pool-9-thread-1] o.a.n.c.r.WriteAheadFlowFileRepository Successfully checkpointed FlowFile Repository with 0 records in 0 milliseconds
2022-05-10 09:22:15,186 INFO [Cleanup Archive for default] o.a.n.c.repository.FileSystemRepository Successfully deleted 0 files (0 bytes) from archive
2022-05-10 09:22:33,322 INFO [pool-9-thread-1] o.a.n.c.r.WriteAheadFlowFileRepository Initiating checkpoint of FlowFile Repository
2022-05-10 09:22:33,322 INFO [pool-9-thread-1] o.a.n.c.r.WriteAheadFlowFileRepository Successfully checkpointed FlowFile Repository with 0 records in 0 milliseconds
2022-05-10 09:22:53,322 INFO [pool-9-thread-1] o.a.n.c.r.WriteAheadFlowFileRepository Initiating checkpoint of FlowFile Repository
2022-05-10 09:22:53,322 INFO [pool-9-thread-1] o.a.n.c.r.WriteAheadFlowFileRepository Successfully checkpointed FlowFile Repository with 0 records in 0 milliseconds
2022-05-10 09:23:13,323 INFO [pool-9-thread-1] o.a.n.c.r.WriteAheadFlowFileRepository Initiating checkpoint of FlowFile Repository
2022-05-10 09:23:13,323 INFO [pool-9-thread-1] o.a.n.c.r.WriteAheadFlowFileRepository Successfully checkpointed FlowFile Repository with 0 records in 0 milliseconds
2022-05-10 09:23:15,250 INFO [Cleanup Archive for default] o.a.n.c.repository.FileSystemRepository Successfully deleted 0 files (0 bytes) from archive
2022-05-10 09:23:33,323 INFO [pool-9-thread-1] o.a.n.c.r.WriteAheadFlowFileRepository Initiating checkpoint of FlowFile Repository
2022-05-10 09:23:33,323 INFO [pool-9-thread-1] o.a.n.c.r.WriteAheadFlowFileRepository Successfully checkpointed FlowFile Repository with 0 records in 0 milliseconds
2022-05-10 09:23:53,323 INFO [pool-9-thread-1] o.a.n.c.r.WriteAheadFlowFileRepository Initiating checkpoint of FlowFile Repository
2022-05-10 09:23:53,324 INFO [pool-9-thread-1] o.a.n.c.r.WriteAheadFlowFileRepository Successfully checkpointed FlowFile Repository with 0 records in 0 milliseconds
2022-05-10 09:23:59,768 INFO [Write-Ahead Local State Provider Maintenance] org.wali.MinimalLockingWriteAheadLog org.wali.MinimalLockingWriteAheadLog@70f98f7a checkpointed with 1 Records and 0 Swap Files in 14 milliseconds (Stop-the-world time = 4 milliseconds, Clear Edit Logs time = 6 millis), max Transaction ID 2202
2022-05-10 09:24:13,324 INFO [pool-9-thread-1] o.a.n.c.r.WriteAheadFlowFileRepository Initiating checkpoint of FlowFile Repository
2022-05-10 09:24:13,324 INFO [pool-9-thread-1] o.a.n.c.r.WriteAheadFlowFileRepository Successfully checkpointed FlowFile Repository with 0 records in 0 milliseconds
2022-05-10 09:24:15,317 INFO [Cleanup Archive for default] o.a.n.c.repository.FileSystemRepository Successfully deleted 0 files (0 bytes) from archive
2022-05-10 09:24:33,325 INFO [pool-9-thread-1] o.a.n.c.r.WriteAheadFlowFileRepository Initiating checkpoint of FlowFile Repository
2022-05-10 09:24:33,325 INFO [pool-9-thread-1] o.a.n.c.r.WriteAheadFlowFileRepository Successfully checkpointed FlowFile Repository with 0 records in 0 milliseconds
2022-05-10 09:24:53,325 INFO [pool-9-thread-1] o.a.n.c.r.WriteAheadFlowFileRepository Initiating checkpoint of FlowFile Repository
2022-05-10 09:24:53,325 INFO [pool-9-thread-1] o.a.n.c.r.WriteAheadFlowFileRepository Successfully checkpointed FlowFile Repository with 0 records in 0 milliseconds
2022-05-10 09:25:13,326 INFO [pool-9-thread-1] o.a.n.c.r.WriteAheadFlowFileRepository Initiating checkpoint of FlowFile Repository
2022-05-10 09:25:13,326 INFO [pool-9-thread-1] o.a.n.c.r.WriteAheadFlowFileRepository Successfully checkpointed FlowFile Repository with 0 records in 0 milliseconds
2022-05-10 09:25:15,381 INFO [Cleanup Archive for default] o.a.n.c.repository.FileSystemRepository Successfully deleted 0 files (0 bytes) from archive
2022-05-10 09:25:33,326 INFO [pool-9-thread-1] o.a.n.c.r.WriteAheadFlowFileRepository Initiating checkpoint of FlowFile Repository
2022-05-10 09:25:33,326 INFO [pool-9-thread-1] o.a.n.c.r.WriteAheadFlowFileRepository Successfully checkpointed FlowFile Repository with 0 records in 0 milliseconds
2022-05-10 09:25:53,327 INFO [pool-9-thread-1] o.a.n.c.r.WriteAheadFlowFileRepository Initiating checkpoint of FlowFile Repository
2022-05-10 09:25:53,327 INFO [pool-9-thread-1] o.a.n.c.r.WriteAheadFlowFileRepository Successfully checkpointed FlowFile Repository with 0 records in 0 milliseconds
2022-05-10 09:25:59,782 INFO [Write-Ahead Local State Provider Maintenance] org.wali.MinimalLockingWriteAheadLog org.wali.MinimalLockingWriteAheadLog@70f98f7a checkpointed with 1 Records and 0 Swap Files in 13 milliseconds (Stop-the-world time = 4 milliseconds, Clear Edit Logs time = 4 millis), max Transaction ID 2202
2022-05-10 09:26:13,327 INFO [pool-9-thread-1] o.a.n.c.r.WriteAheadFlowFileRepository Initiating checkpoint of FlowFile Repository
2022-05-10 09:26:13,327 INFO [pool-9-thread-1] o.a.n.c.r.WriteAheadFlowFileRepository Successfully checkpointed FlowFile Repository with 0 records in 0 milliseconds
2022-05-10 09:26:15,445 INFO [Cleanup Archive for default] o.a.n.c.repository.FileSystemRepository Successfully deleted 0 files (0 bytes) from archive
2022-05-10 09:26:33,328 INFO [pool-9-thread-1] o.a.n.c.r.WriteAheadFlowFileRepository Initiating checkpoint of FlowFile Repository
2022-05-10 09:26:33,328 INFO [pool-9-thread-1] o.a.n.c.r.WriteAheadFlowFileRepository Successfully checkpointed FlowFile Repository with 0 records in 0 milliseconds
2022-05-10 09:26:53,328 INFO [pool-9-thread-1] o.a.n.c.r.WriteAheadFlowFileRepository Initiating checkpoint of FlowFile Repository
2022-05-10 09:26:53,328 INFO [pool-9-thread-1] o.a.n.c.r.WriteAheadFlowFileRepository Successfully checkpointed FlowFile Repository with 0 records in 0 milliseconds
2022-05-10 09:27:13,328 INFO [pool-9-thread-1] o.a.n.c.r.WriteAheadFlowFileRepository Initiating checkpoint of FlowFile Repository
2022-05-10 09:27:13,329 INFO [pool-9-thread-1] o.a.n.c.r.WriteAheadFlowFileRepository Successfully checkpointed FlowFile Repository with 0 records in 0 milliseconds
2022-05-10 09:27:15,508 INFO [Cleanup Archive for default] o.a.n.c.repository.FileSystemRepository Successfully deleted 0 files (0 bytes) from archive
2022-05-10 09:27:33,329 INFO [pool-9-thread-1] o.a.n.c.r.WriteAheadFlowFileRepository Initiating checkpoint of FlowFile Repository
2022-05-10 09:27:33,329 INFO [pool-9-thread-1] o.a.n.c.r.WriteAheadFlowFileRepository Successfully checkpointed FlowFile Repository with 0 records in 0 milliseconds
2022-05-10 09:27:53,330 INFO [pool-9-thread-1] o.a.n.c.r.WriteAheadFlowFileRepository Initiating checkpoint of FlowFile Repository
2022-05-10 09:27:53,330 INFO [pool-9-thread-1] o.a.n.c.r.WriteAheadFlowFileRepository Successfully checkpointed FlowFile Repository with 0 records in 0 milliseconds
2022-05-10 09:27:59,796 INFO [Write-Ahead Local State Provider Maintenance] org.wali.MinimalLockingWriteAheadLog org.wali.MinimalLockingWriteAheadLog@70f98f7a checkpointed with 1 Records and 0 Swap Files in 13 milliseconds (Stop-the-world time = 4 milliseconds, Clear Edit Logs time = 4 millis), max Transaction ID 2202
2022-05-10 09:28:13,330 INFO [pool-9-thread-1] o.a.n.c.r.WriteAheadFlowFileRepository Initiating checkpoint of FlowFile Repository
2022-05-10 09:28:13,330 INFO [pool-9-thread-1] o.a.n.c.r.WriteAheadFlowFileRepository Successfully checkpointed FlowFile Repository with 0 records in 0 milliseconds
2022-05-10 09:28:15,544 INFO [Cleanup Archive for default] o.a.n.c.repository.FileSystemRepository Successfully deleted 0 files (0 bytes) from archive
2022-05-10 09:28:33,331 INFO [pool-9-thread-1] o.a.n.c.r.WriteAheadFlowFileRepository Initiating checkpoint of FlowFile Repository
2022-05-10 09:28:33,331 INFO [pool-9-thread-1] o.a.n.c.r.WriteAheadFlowFileRepository Successfully checkpointed FlowFile Repository with 0 records in 0 milliseconds
2022-05-10 09:28:53,331 INFO [pool-9-thread-1] o.a.n.c.r.WriteAheadFlowFileRepository Initiating checkpoint of FlowFile Repository
2022-05-10 09:28:53,331 INFO [pool-9-thread-1] o.a.n.c.r.WriteAheadFlowFileRepository Successfully checkpointed FlowFile Repository with 0 records in 0 milliseconds
2022-05-10 09:29:13,331 INFO [pool-9-thread-1] o.a.n.c.r.WriteAheadFlowFileRepository Initiating checkpoint of FlowFile Repository
2022-05-10 09:29:13,332 INFO [pool-9-thread-1] o.a.n.c.r.WriteAheadFlowFileRepository Successfully checkpointed FlowFile Repository with 0 records in 0 milliseconds
2022-05-10 09:29:15,608 INFO [Cleanup Archive for default] o.a.n.c.repository.FileSystemRepository Successfully deleted 0 files (0 bytes) from archive
2022-05-10 09:29:33,332 INFO [pool-9-thread-1] o.a.n.c.r.WriteAheadFlowFileRepository Initiating checkpoint of FlowFile Repository
2022-05-10 09:29:33,332 INFO [pool-9-thread-1] o.a.n.c.r.WriteAheadFlowFileRepository Successfully checkpointed FlowFile Repository with 0 records in 0 milliseconds
2022-05-10 09:29:53,332 INFO [pool-9-thread-1] o.a.n.c.r.WriteAheadFlowFileRepository Initiating checkpoint of FlowFile Repository
2022-05-10 09:29:53,333 INFO [pool-9-thread-1] o.a.n.c.r.WriteAheadFlowFileRepository Successfully checkpointed FlowFile Repository with 0 records in 0 milliseconds
2022-05-10 09:29:59,810 INFO [Write-Ahead Local State Provider Maintenance] org.wali.MinimalLockingWriteAheadLog org.wali.MinimalLockingWriteAheadLog@70f98f7a checkpointed with 1 Records and 0 Swap Files in 13 milliseconds (Stop-the-world time = 4 milliseconds, Clear Edit Logs time = 4 millis), max Transaction ID 2202
2022-05-10 09:30:13,333 INFO [pool-9-thread-1] o.a.n.c.r.WriteAheadFlowFileRepository Initiating checkpoint of FlowFile Repository
2022-05-10 09:30:13,333 INFO [pool-9-thread-1] o.a.n.c.r.WriteAheadFlowFileRepository Successfully checkpointed FlowFile Repository with 0 records in 0 milliseconds
2022-05-10 09:30:15,673 INFO [Cleanup Archive for default] o.a.n.c.repository.FileSystemRepository Successfully deleted 0 files (0 bytes) from archive
2022-05-10 09:30:33,334 INFO [pool-9-thread-1] o.a.n.c.r.WriteAheadFlowFileRepository Initiating checkpoint of FlowFile Repository
2022-05-10 09:30:33,334 INFO [pool-9-thread-1] o.a.n.c.r.WriteAheadFlowFileRepository Successfully checkpointed FlowFile Repository with 0 records in 0 milliseconds
2022-05-10 09:30:53,334 INFO [pool-9-thread-1] o.a.n.c.r.WriteAheadFlowFileRepository Initiating checkpoint of FlowFile Repository
2022-05-10 09:30:53,334 INFO [pool-9-thread-1] o.a.n.c.r.WriteAheadFlowFileRepository Successfully checkpointed FlowFile Repository with 0 records in 0 milliseconds
2022-05-10 09:31:13,335 INFO [pool-9-thread-1] o.a.n.c.r.WriteAheadFlowFileRepository Initiating checkpoint of FlowFile Repository
2022-05-10 09:31:13,335 INFO [pool-9-thread-1] o.a.n.c.r.WriteAheadFlowFileRepository Successfully checkpointed FlowFile Repository with 0 records in 0 milliseconds
2022-05-10 09:31:15,736 INFO [Cleanup Archive for default] o.a.n.c.repository.FileSystemRepository Successfully deleted 0 files (0 bytes) from archive
2022-05-10 09:31:33,335 INFO [pool-9-thread-1] o.a.n.c.r.WriteAheadFlowFileRepository Initiating checkpoint of FlowFile Repository
2022-05-10 09:31:33,335 INFO [pool-9-thread-1] o.a.n.c.r.WriteAheadFlowFileRepository Successfully checkpointed FlowFile Repository with 0 records in 0 milliseconds
2022-05-10 09:31:53,336 INFO [pool-9-thread-1] o.a.n.c.r.WriteAheadFlowFileRepository Initiating checkpoint of FlowFile Repository
2022-05-10 09:31:53,336 INFO [pool-9-thread-1] o.a.n.c.r.WriteAheadFlowFileRepository Successfully checkpointed FlowFile Repository with 0 records in 0 milliseconds
2022-05-10 09:31:59,823 INFO [Write-Ahead Local State Provider Maintenance] org.wali.MinimalLockingWriteAheadLog org.wali.MinimalLockingWriteAheadLog@70f98f7a checkpointed with 1 Records and 0 Swap Files in 12 milliseconds (Stop-the-world time = 4 milliseconds, Clear Edit Logs time = 4 millis), max Transaction ID 2202
2022-05-10 09:32:13,336 INFO [pool-9-thread-1] o.a.n.c.r.WriteAheadFlowFileRepository Initiating checkpoint of FlowFile Repository
2022-05-10 09:32:13,336 INFO [pool-9-thread-1] o.a.n.c.r.WriteAheadFlowFileRepository Successfully checkpointed FlowFile Repository with 0 records in 0 milliseconds
2022-05-10 09:32:15,798 INFO [Cleanup Archive for default] o.a.n.c.repository.FileSystemRepository Successfully deleted 0 files (0 bytes) from archive
2022-05-10 09:32:33,337 INFO [pool-9-thread-1] o.a.n.c.r.WriteAheadFlowFileRepository Initiating checkpoint of FlowFile Repository
2022-05-10 09:32:33,337 INFO [pool-9-thread-1] o.a.n.c.r.WriteAheadFlowFileRepository Successfully checkpointed FlowFile Repository with 0 records in 0 milliseconds
2022-05-10 09:32:53,337 INFO [pool-9-thread-1] o.a.n.c.r.WriteAheadFlowFileRepository Initiating checkpoint of FlowFile Repository
2022-05-10 09:32:53,337 INFO [pool-9-thread-1] o.a.n.c.r.WriteAheadFlowFileRepository Successfully checkpointed FlowFile Repository with 0 records in 0 milliseconds
2022-05-10 09:33:13,338 INFO [pool-9-thread-1] o.a.n.c.r.WriteAheadFlowFileRepository Initiating checkpoint of FlowFile Repository
2022-05-10 09:33:13,338 INFO [pool-9-thread-1] o.a.n.c.r.WriteAheadFlowFileRepository Successfully checkpointed FlowFile Repository with 0 records in 0 milliseconds
2022-05-10 09:33:15,866 INFO [Cleanup Archive for default] o.a.n.c.repository.FileSystemRepository Successfully deleted 0 files (0 bytes) from archive
2022-05-10 09:33:33,338 INFO [pool-9-thread-1] o.a.n.c.r.WriteAheadFlowFileRepository Initiating checkpoint of FlowFile Repository
2022-05-10 09:33:33,339 INFO [pool-9-thread-1] o.a.n.c.r.WriteAheadFlowFileRepository Successfully checkpointed FlowFile Repository with 0 records in 0 milliseconds
2022-05-10 09:33:53,339 INFO [pool-9-thread-1] o.a.n.c.r.WriteAheadFlowFileRepository Initiating checkpoint of FlowFile Repository
2022-05-10 09:33:53,339 INFO [pool-9-thread-1] o.a.n.c.r.WriteAheadFlowFileRepository Successfully checkpointed FlowFile Repository with 0 records in 0 milliseconds
2022-05-10 09:33:59,835 INFO [Write-Ahead Local State Provider Maintenance] org.wali.MinimalLockingWriteAheadLog org.wali.MinimalLockingWriteAheadLog@70f98f7a checkpointed with 1 Records and 0 Swap Files in 12 milliseconds (Stop-the-world time = 4 milliseconds, Clear Edit Logs time = 4 millis), max Transaction ID 2202
2022-05-10 09:34:13,339 INFO [pool-9-thread-1] o.a.n.c.r.WriteAheadFlowFileRepository Initiating checkpoint of FlowFile Repository
2022-05-10 09:34:13,340 INFO [pool-9-thread-1] o.a.n.c.r.WriteAheadFlowFileRepository Successfully checkpointed FlowFile Repository with 0 records in 0 milliseconds
2022-05-10 09:34:15,933 INFO [Cleanup Archive for default] o.a.n.c.repository.FileSystemRepository Successfully deleted 0 files (0 bytes) from archive
2022-05-10 09:34:33,340 INFO [pool-9-thread-1] o.a.n.c.r.WriteAheadFlowFileRepository Initiating checkpoint of FlowFile Repository
2022-05-10 09:34:33,340 INFO [pool-9-thread-1] o.a.n.c.r.WriteAheadFlowFileRepository Successfully checkpointed FlowFile Repository with 0 records in 0 milliseconds
2022-05-10 09:34:53,340 INFO [pool-9-thread-1] o.a.n.c.r.WriteAheadFlowFileRepository Initiating checkpoint of FlowFile Repository
2022-05-10 09:34:53,341 INFO [pool-9-thread-1] o.a.n.c.r.WriteAheadFlowFileRepository Successfully checkpointed FlowFile Repository with 0 records in 0 milliseconds
2022-05-10 09:35:13,342 INFO [pool-9-thread-1] o.a.n.c.r.WriteAheadFlowFileRepository Initiating checkpoint of FlowFile Repository
2022-05-10 09:35:13,342 INFO [pool-9-thread-1] o.a.n.c.r.WriteAheadFlowFileRepository Successfully checkpointed FlowFile Repository with 0 records in 0 milliseconds
2022-05-10 09:35:16,001 INFO [Cleanup Archive for default] o.a.n.c.repository.FileSystemRepository Successfully deleted 0 files (0 bytes) from archive
2022-05-10 09:35:33,343 INFO [pool-9-thread-1] o.a.n.c.r.WriteAheadFlowFileRepository Initiating checkpoint of FlowFile Repository
2022-05-10 09:35:33,343 INFO [pool-9-thread-1] o.a.n.c.r.WriteAheadFlowFileRepository Successfully checkpointed FlowFile Repository with 0 records in 0 milliseconds
2022-05-10 09:35:53,343 INFO [pool-9-thread-1] o.a.n.c.r.WriteAheadFlowFileRepository Initiating checkpoint of FlowFile Repository
2022-05-10 09:35:53,343 INFO [pool-9-thread-1] o.a.n.c.r.WriteAheadFlowFileRepository Successfully checkpointed FlowFile Repository with 0 records in 0 milliseconds
2022-05-10 09:35:59,848 INFO [Write-Ahead Local State Provider Maintenance] org.wali.MinimalLockingWriteAheadLog org.wali.MinimalLockingWriteAheadLog@70f98f7a checkpointed with 1 Records and 0 Swap Files in 12 milliseconds (Stop-the-world time = 4 milliseconds, Clear Edit Logs time = 4 millis), max Transaction ID 2202
2022-05-10 09:36:13,344 INFO [pool-9-thread-1] o.a.n.c.r.WriteAheadFlowFileRepository Initiating checkpoint of FlowFile Repository
2022-05-10 09:36:13,344 INFO [pool-9-thread-1] o.a.n.c.r.WriteAheadFlowFileRepository Successfully checkpointed FlowFile Repository with 0 records in 0 milliseconds
2022-05-10 09:36:16,072 INFO [Cleanup Archive for default] o.a.n.c.repository.FileSystemRepository Successfully deleted 0 files (0 bytes) from archive
2022-05-10 09:36:33,344 INFO [pool-9-thread-1] o.a.n.c.r.WriteAheadFlowFileRepository Initiating checkpoint of FlowFile Repository
2022-05-10 09:36:33,344 INFO [pool-9-thread-1] o.a.n.c.r.WriteAheadFlowFileRepository Successfully checkpointed FlowFile Repository with 0 records in 0 milliseconds
2022-05-10 09:36:53,345 INFO [pool-9-thread-1] o.a.n.c.r.WriteAheadFlowFileRepository Initiating checkpoint of FlowFile Repository
2022-05-10 09:36:53,345 INFO [pool-9-thread-1] o.a.n.c.r.WriteAheadFlowFileRepository Successfully checkpointed FlowFile Repository with 0 records in 0 milliseconds
2022-05-10 09:37:13,345 INFO [pool-9-thread-1] o.a.n.c.r.WriteAheadFlowFileRepository Initiating checkpoint of FlowFile Repository
2022-05-10 09:37:13,345 INFO [pool-9-thread-1] o.a.n.c.r.WriteAheadFlowFileRepository Successfully checkpointed FlowFile Repository with 0 records in 0 milliseconds
2022-05-10 09:37:16,166 INFO [Cleanup Archive for default] o.a.n.c.repository.FileSystemRepository Successfully deleted 0 files (0 bytes) from archive
2022-05-10 09:37:33,346 INFO [pool-9-thread-1] o.a.n.c.r.WriteAheadFlowFileRepository Initiating checkpoint of FlowFile Repository
2022-05-10 09:37:33,346 INFO [pool-9-thread-1] o.a.n.c.r.WriteAheadFlowFileRepository Successfully checkpointed FlowFile Repository with 0 records in 0 milliseconds
2022-05-10 09:37:53,346 INFO [pool-9-thread-1] o.a.n.c.r.WriteAheadFlowFileRepository Initiating checkpoint of FlowFile Repository
2022-05-10 09:37:53,347 INFO [pool-9-thread-1] o.a.n.c.r.WriteAheadFlowFileRepository Successfully checkpointed FlowFile Repository with 0 records in 0 milliseconds
2022-05-10 09:37:59,861 INFO [Write-Ahead Local State Provider Maintenance] org.wali.MinimalLockingWriteAheadLog org.wali.MinimalLockingWriteAheadLog@70f98f7a checkpointed with 1 Records and 0 Swap Files in 12 milliseconds (Stop-the-world time = 4 milliseconds, Clear Edit Logs time = 4 millis), max Transaction ID 2202
2022-05-10 09:38:13,347 INFO [pool-9-thread-1] o.a.n.c.r.WriteAheadFlowFileRepository Initiating checkpoint of FlowFile Repository
2022-05-10 09:38:13,347 INFO [pool-9-thread-1] o.a.n.c.r.WriteAheadFlowFileRepository Successfully checkpointed FlowFile Repository with 0 records in 0 milliseconds
2022-05-10 09:38:16,229 INFO [Cleanup Archive for default] o.a.n.c.repository.FileSystemRepository Successfully deleted 0 files (0 bytes) from archive
2022-05-10 09:38:33,347 INFO [pool-9-thread-1] o.a.n.c.r.WriteAheadFlowFileRepository Initiating checkpoint of FlowFile Repository
2022-05-10 09:38:33,347 INFO [pool-9-thread-1] o.a.n.c.r.WriteAheadFlowFileRepository Successfully checkpointed FlowFile Repository with 0 records in 0 milliseconds
2022-05-10 09:38:53,348 INFO [pool-9-thread-1] o.a.n.c.r.WriteAheadFlowFileRepository Initiating checkpoint of FlowFile Repository
2022-05-10 09:38:53,348 INFO [pool-9-thread-1] o.a.n.c.r.WriteAheadFlowFileRepository Successfully checkpointed FlowFile Repository with 0 records in 0 milliseconds
2022-05-10 09:39:13,348 INFO [pool-9-thread-1] o.a.n.c.r.WriteAheadFlowFileRepository Initiating checkpoint of FlowFile Repository
2022-05-10 09:39:13,348 INFO [pool-9-thread-1] o.a.n.c.r.WriteAheadFlowFileRepository Successfully checkpointed FlowFile Repository with 0 records in 0 milliseconds
2022-05-10 09:39:16,296 INFO [Cleanup Archive for default] o.a.n.c.repository.FileSystemRepository Successfully deleted 0 files (0 bytes) from archive
2022-05-10 09:39:33,349 INFO [pool-9-thread-1] o.a.n.c.r.WriteAheadFlowFileRepository Initiating checkpoint of FlowFile Repository
2022-05-10 09:39:33,349 INFO [pool-9-thread-1] o.a.n.c.r.WriteAheadFlowFileRepository Successfully checkpointed FlowFile Repository with 0 records in 0 milliseconds
2022-05-10 09:39:53,349 INFO [pool-9-thread-1] o.a.n.c.r.WriteAheadFlowFileRepository Initiating checkpoint of FlowFile Repository
2022-05-10 09:39:53,349 INFO [pool-9-thread-1] o.a.n.c.r.WriteAheadFlowFileRepository Successfully checkpointed FlowFile Repository with 0 records in 0 milliseconds
2022-05-10 09:39:59,876 INFO [Write-Ahead Local State Provider Maintenance] org.wali.MinimalLockingWriteAheadLog org.wali.MinimalLockingWriteAheadLog@70f98f7a checkpointed with 1 Records and 0 Swap Files in 14 milliseconds (Stop-the-world time = 4 milliseconds, Clear Edit Logs time = 5 millis), max Transaction ID 2202
2022-05-10 09:40:13,349 INFO [pool-9-thread-1] o.a.n.c.r.WriteAheadFlowFileRepository Initiating checkpoint of FlowFile Repository
2022-05-10 09:40:13,350 INFO [pool-9-thread-1] o.a.n.c.r.WriteAheadFlowFileRepository Successfully checkpointed FlowFile Repository with 0 records in 0 milliseconds
2022-05-10 09:40:16,363 INFO [Cleanup Archive for default] o.a.n.c.repository.FileSystemRepository Successfully deleted 0 files (0 bytes) from archive
2022-05-10 09:40:33,350 INFO [pool-9-thread-1] o.a.n.c.r.WriteAheadFlowFileRepository Initiating checkpoint of FlowFile Repository
2022-05-10 09:40:33,350 INFO [pool-9-thread-1] o.a.n.c.r.WriteAheadFlowFileRepository Successfully checkpointed FlowFile Repository with 0 records in 0 milliseconds
2022-05-10 09:40:53,351 INFO [pool-9-thread-1] o.a.n.c.r.WriteAheadFlowFileRepository Initiating checkpoint of FlowFile Repository
2022-05-10 09:40:53,351 INFO [pool-9-thread-1] o.a.n.c.r.WriteAheadFlowFileRepository Successfully checkpointed FlowFile Repository with 0 records in 0 milliseconds
2022-05-10 09:41:13,351 INFO [pool-9-thread-1] o.a.n.c.r.WriteAheadFlowFileRepository Initiating checkpoint of FlowFile Repository
2022-05-10 09:41:13,351 INFO [pool-9-thread-1] o.a.n.c.r.WriteAheadFlowFileRepository Successfully checkpointed FlowFile Repository with 0 records in 0 milliseconds
2022-05-10 09:41:16,427 INFO [Cleanup Archive for default] o.a.n.c.repository.FileSystemRepository Successfully deleted 0 files (0 bytes) from archive
2022-05-10 09:41:33,353 INFO [pool-9-thread-1] o.a.n.c.r.WriteAheadFlowFileRepository Initiating checkpoint of FlowFile Repository
2022-05-10 09:41:33,353 INFO [pool-9-thread-1] o.a.n.c.r.WriteAheadFlowFileRepository Successfully checkpointed FlowFile Repository with 0 records in 0 milliseconds
2022-05-10 09:41:53,353 INFO [pool-9-thread-1] o.a.n.c.r.WriteAheadFlowFileRepository Initiating checkpoint of FlowFile Repository
2022-05-10 09:41:53,353 INFO [pool-9-thread-1] o.a.n.c.r.WriteAheadFlowFileRepository Successfully checkpointed FlowFile Repository with 0 records in 0 milliseconds
2022-05-10 09:41:59,890 INFO [Write-Ahead Local State Provider Maintenance] org.wali.MinimalLockingWriteAheadLog org.wali.MinimalLockingWriteAheadLog@70f98f7a checkpointed with 1 Records and 0 Swap Files in 13 milliseconds (Stop-the-world time = 4 milliseconds, Clear Edit Logs time = 5 millis), max Transaction ID 2202
2022-05-10 09:42:13,354 INFO [pool-9-thread-1] o.a.n.c.r.WriteAheadFlowFileRepository Initiating checkpoint of FlowFile Repository
2022-05-10 09:42:13,354 INFO [pool-9-thread-1] o.a.n.c.r.WriteAheadFlowFileRepository Successfully checkpointed FlowFile Repository with 0 records in 0 milliseconds
2022-05-10 09:42:16,489 INFO [Cleanup Archive for default] o.a.n.c.repository.FileSystemRepository Successfully deleted 0 files (0 bytes) from archive
2022-05-10 09:42:33,354 INFO [pool-9-thread-1] o.a.n.c.r.WriteAheadFlowFileRepository Initiating checkpoint of FlowFile Repository
2022-05-10 09:42:33,354 INFO [pool-9-thread-1] o.a.n.c.r.WriteAheadFlowFileRepository Successfully checkpointed FlowFile Repository with 0 records in 0 milliseconds
2022-05-10 09:42:53,355 INFO [pool-9-thread-1] o.a.n.c.r.WriteAheadFlowFileRepository Initiating checkpoint of FlowFile Repository
2022-05-10 09:42:53,355 INFO [pool-9-thread-1] o.a.n.c.r.WriteAheadFlowFileRepository Successfully checkpointed FlowFile Repository with 0 records in 0 milliseconds
2022-05-10 09:43:13,355 INFO [pool-9-thread-1] o.a.n.c.r.WriteAheadFlowFileRepository Initiating checkpoint of FlowFile Repository
2022-05-10 09:43:13,355 INFO [pool-9-thread-1] o.a.n.c.r.WriteAheadFlowFileRepository Successfully checkpointed FlowFile Repository with 0 records in 0 milliseconds
2022-05-10 09:43:16,553 INFO [Cleanup Archive for default] o.a.n.c.repository.FileSystemRepository Successfully deleted 0 files (0 bytes) from archive
2022-05-10 09:43:33,355 INFO [pool-9-thread-1] o.a.n.c.r.WriteAheadFlowFileRepository Initiating checkpoint of FlowFile Repository
2022-05-10 09:43:33,356 INFO [pool-9-thread-1] o.a.n.c.r.WriteAheadFlowFileRepository Successfully checkpointed FlowFile Repository with 0 records in 0 milliseconds
2022-05-10 09:43:53,356 INFO [pool-9-thread-1] o.a.n.c.r.WriteAheadFlowFileRepository Initiating checkpoint of FlowFile Repository
2022-05-10 09:43:53,356 INFO [pool-9-thread-1] o.a.n.c.r.WriteAheadFlowFileRepository Successfully checkpointed FlowFile Repository with 0 records in 0 milliseconds
2022-05-10 09:43:59,903 INFO [Write-Ahead Local State Provider Maintenance] org.wali.MinimalLockingWriteAheadLog org.wali.MinimalLockingWriteAheadLog@70f98f7a checkpointed with 1 Records and 0 Swap Files in 12 milliseconds (Stop-the-world time = 4 milliseconds, Clear Edit Logs time = 4 millis), max Transaction ID 2203
2022-05-10 09:44:13,357 INFO [pool-9-thread-1] o.a.n.c.r.WriteAheadFlowFileRepository Initiating checkpoint of FlowFile Repository
2022-05-10 09:44:13,357 INFO [pool-9-thread-1] o.a.n.c.r.WriteAheadFlowFileRepository Successfully checkpointed FlowFile Repository with 0 records in 0 milliseconds
2022-05-10 09:44:16,618 INFO [Cleanup Archive for default] o.a.n.c.repository.FileSystemRepository Successfully deleted 0 files (0 bytes) from archive
2022-05-10 09:44:33,357 INFO [pool-9-thread-1] o.a.n.c.r.WriteAheadFlowFileRepository Initiating checkpoint of FlowFile Repository
2022-05-10 09:44:33,357 INFO [pool-9-thread-1] o.a.n.c.r.WriteAheadFlowFileRepository Successfully checkpointed FlowFile Repository with 0 records in 0 milliseconds
2022-05-10 09:44:53,358 INFO [pool-9-thread-1] o.a.n.c.r.WriteAheadFlowFileRepository Initiating checkpoint of FlowFile Repository
2022-05-10 09:44:53,358 INFO [pool-9-thread-1] o.a.n.c.r.WriteAheadFlowFileRepository Successfully checkpointed FlowFile Repository with 0 records in 0 milliseconds
2022-05-10 09:45:13,358 INFO [pool-9-thread-1] o.a.n.c.r.WriteAheadFlowFileRepository Initiating checkpoint of FlowFile Repository
2022-05-10 09:45:13,358 INFO [pool-9-thread-1] o.a.n.c.r.WriteAheadFlowFileRepository Successfully checkpointed FlowFile Repository with 0 records in 0 milliseconds
2022-05-10 09:45:16,683 INFO [Cleanup Archive for default] o.a.n.c.repository.FileSystemRepository Successfully deleted 0 files (0 bytes) from archive
2022-05-10 09:45:33,358 INFO [pool-9-thread-1] o.a.n.c.r.WriteAheadFlowFileRepository Initiating checkpoint of FlowFile Repository
2022-05-10 09:45:33,359 INFO [pool-9-thread-1] o.a.n.c.r.WriteAheadFlowFileRepository Successfully checkpointed FlowFile Repository with 0 records in 0 milliseconds
2022-05-10 09:45:53,359 INFO [pool-9-thread-1] o.a.n.c.r.WriteAheadFlowFileRepository Initiating checkpoint of FlowFile Repository
2022-05-10 09:45:53,359 INFO [pool-9-thread-1] o.a.n.c.r.WriteAheadFlowFileRepository Successfully checkpointed FlowFile Repository with 0 records in 0 milliseconds
2022-05-10 09:45:59,917 INFO [Write-Ahead Local State Provider Maintenance] org.wali.MinimalLockingWriteAheadLog org.wali.MinimalLockingWriteAheadLog@70f98f7a checkpointed with 1 Records and 0 Swap Files in 13 milliseconds (Stop-the-world time = 4 milliseconds, Clear Edit Logs time = 4 millis), max Transaction ID 2203
2022-05-10 09:46:13,359 INFO [pool-9-thread-1] o.a.n.c.r.WriteAheadFlowFileRepository Initiating checkpoint of FlowFile Repository
2022-05-10 09:46:13,360 INFO [pool-9-thread-1] o.a.n.c.r.WriteAheadFlowFileRepository Successfully checkpointed FlowFile Repository with 0 records in 0 milliseconds
2022-05-10 09:46:16,748 INFO [Cleanup Archive for default] o.a.n.c.repository.FileSystemRepository Successfully deleted 0 files (0 bytes) from archive
2022-05-10 09:46:33,360 INFO [pool-9-thread-1] o.a.n.c.r.WriteAheadFlowFileRepository Initiating checkpoint of FlowFile Repository
2022-05-10 09:46:33,360 INFO [pool-9-thread-1] o.a.n.c.r.WriteAheadFlowFileRepository Successfully checkpointed FlowFile Repository with 0 records in 0 milliseconds
2022-05-10 09:46:53,360 INFO [pool-9-thread-1] o.a.n.c.r.WriteAheadFlowFileRepository Initiating checkpoint of FlowFile Repository
2022-05-10 09:46:53,361 INFO [pool-9-thread-1] o.a.n.c.r.WriteAheadFlowFileRepository Successfully checkpointed FlowFile Repository with 0 records in 0 milliseconds
2022-05-10 09:47:13,361 INFO [pool-9-thread-1] o.a.n.c.r.WriteAheadFlowFileRepository Initiating checkpoint of FlowFile Repository
2022-05-10 09:47:13,361 INFO [pool-9-thread-1] o.a.n.c.r.WriteAheadFlowFileRepository Successfully checkpointed FlowFile Repository with 0 records in 0 milliseconds
2022-05-10 09:47:16,802 INFO [Cleanup Archive for default] o.a.n.c.repository.FileSystemRepository Successfully deleted 0 files (0 bytes) from archive
2022-05-10 09:47:33,361 INFO [pool-9-thread-1] o.a.n.c.r.WriteAheadFlowFileRepository Initiating checkpoint of FlowFile Repository
2022-05-10 09:47:33,362 INFO [pool-9-thread-1] o.a.n.c.r.WriteAheadFlowFileRepository Successfully checkpointed FlowFile Repository with 0 records in 0 milliseconds
2022-05-10 09:47:53,363 INFO [pool-9-thread-1] o.a.n.c.r.WriteAheadFlowFileRepository Initiating checkpoint of FlowFile Repository
2022-05-10 09:47:53,364 INFO [pool-9-thread-1] o.a.n.c.r.WriteAheadFlowFileRepository Successfully checkpointed FlowFile Repository with 0 records in 0 milliseconds
2022-05-10 09:47:59,931 INFO [Write-Ahead Local State Provider Maintenance] org.wali.MinimalLockingWriteAheadLog org.wali.MinimalLockingWriteAheadLog@70f98f7a checkpointed with 1 Records and 0 Swap Files in 14 milliseconds (Stop-the-world time = 4 milliseconds, Clear Edit Logs time = 5 millis), max Transaction ID 2203
2022-05-10 09:48:13,364 INFO [pool-9-thread-1] o.a.n.c.r.WriteAheadFlowFileRepository Initiating checkpoint of FlowFile Repository
2022-05-10 09:48:13,364 INFO [pool-9-thread-1] o.a.n.c.r.WriteAheadFlowFileRepository Successfully checkpointed FlowFile Repository with 0 records in 0 milliseconds
2022-05-10 09:48:16,867 INFO [Cleanup Archive for default] o.a.n.c.repository.FileSystemRepository Successfully deleted 0 files (0 bytes) from archive
2022-05-10 09:48:33,365 INFO [pool-9-thread-1] o.a.n.c.r.WriteAheadFlowFileRepository Initiating checkpoint of FlowFile Repository
2022-05-10 09:48:33,365 INFO [pool-9-thread-1] o.a.n.c.r.WriteAheadFlowFileRepository Successfully checkpointed FlowFile Repository with 0 records in 0 milliseconds
2022-05-10 09:48:53,365 INFO [pool-9-thread-1] o.a.n.c.r.WriteAheadFlowFileRepository Initiating checkpoint of FlowFile Repository
2022-05-10 09:48:53,365 INFO [pool-9-thread-1] o.a.n.c.r.WriteAheadFlowFileRepository Successfully checkpointed FlowFile Repository with 0 records in 0 milliseconds
2022-05-10 09:49:13,365 INFO [pool-9-thread-1] o.a.n.c.r.WriteAheadFlowFileRepository Initiating checkpoint of FlowFile Repository
2022-05-10 09:49:13,366 INFO [pool-9-thread-1] o.a.n.c.r.WriteAheadFlowFileRepository Successfully checkpointed FlowFile Repository with 0 records in 0 milliseconds
2022-05-10 09:49:16,931 INFO [Cleanup Archive for default] o.a.n.c.repository.FileSystemRepository Successfully deleted 0 files (0 bytes) from archive
2022-05-10 09:49:33,366 INFO [pool-9-thread-1] o.a.n.c.r.WriteAheadFlowFileRepository Initiating checkpoint of FlowFile Repository
2022-05-10 09:49:33,366 INFO [pool-9-thread-1] o.a.n.c.r.WriteAheadFlowFileRepository Successfully checkpointed FlowFile Repository with 0 records in 0 milliseconds
2022-05-10 09:49:53,367 INFO [pool-9-thread-1] o.a.n.c.r.WriteAheadFlowFileRepository Initiating checkpoint of FlowFile Repository
2022-05-10 09:49:53,367 INFO [pool-9-thread-1] o.a.n.c.r.WriteAheadFlowFileRepository Successfully checkpointed FlowFile Repository with 0 records in 0 milliseconds
2022-05-10 09:49:59,947 INFO [Write-Ahead Local State Provider Maintenance] org.wali.MinimalLockingWriteAheadLog org.wali.MinimalLockingWriteAheadLog@70f98f7a checkpointed with 1 Records and 0 Swap Files in 15 milliseconds (Stop-the-world time = 4 milliseconds, Clear Edit Logs time = 6 millis), max Transaction ID 2203
2022-05-10 09:50:13,367 INFO [pool-9-thread-1] o.a.n.c.r.WriteAheadFlowFileRepository Initiating checkpoint of FlowFile Repository
2022-05-10 09:50:13,367 INFO [pool-9-thread-1] o.a.n.c.r.WriteAheadFlowFileRepository Successfully checkpointed FlowFile Repository with 0 records in 0 milliseconds
2022-05-10 09:50:16,997 INFO [Cleanup Archive for default] o.a.n.c.repository.FileSystemRepository Successfully deleted 0 files (0 bytes) from archive
2022-05-10 09:50:33,368 INFO [pool-9-thread-1] o.a.n.c.r.WriteAheadFlowFileRepository Initiating checkpoint of FlowFile Repository
2022-05-10 09:50:33,368 INFO [pool-9-thread-1] o.a.n.c.r.WriteAheadFlowFileRepository Successfully checkpointed FlowFile Repository with 0 records in 0 milliseconds
2022-05-10 09:50:53,368 INFO [pool-9-thread-1] o.a.n.c.r.WriteAheadFlowFileRepository Initiating checkpoint of FlowFile Repository
2022-05-10 09:50:53,368 INFO [pool-9-thread-1] o.a.n.c.r.WriteAheadFlowFileRepository Successfully checkpointed FlowFile Repository with 0 records in 0 milliseconds
2022-05-10 09:51:13,369 INFO [pool-9-thread-1] o.a.n.c.r.WriteAheadFlowFileRepository Initiating checkpoint of FlowFile Repository
2022-05-10 09:51:13,369 INFO [pool-9-thread-1] o.a.n.c.r.WriteAheadFlowFileRepository Successfully checkpointed FlowFile Repository with 0 records in 0 milliseconds
2022-05-10 09:51:17,061 INFO [Cleanup Archive for default] o.a.n.c.repository.FileSystemRepository Successfully deleted 0 files (0 bytes) from archive
2022-05-10 09:51:33,369 INFO [pool-9-thread-1] o.a.n.c.r.WriteAheadFlowFileRepository Initiating checkpoint of FlowFile Repository
2022-05-10 09:51:33,369 INFO [pool-9-thread-1] o.a.n.c.r.WriteAheadFlowFileRepository Successfully checkpointed FlowFile Repository with 0 records in 0 milliseconds
2022-05-10 09:51:53,370 INFO [pool-9-thread-1] o.a.n.c.r.WriteAheadFlowFileRepository Initiating checkpoint of FlowFile Repository
2022-05-10 09:51:53,370 INFO [pool-9-thread-1] o.a.n.c.r.WriteAheadFlowFileRepository Successfully checkpointed FlowFile Repository with 0 records in 0 milliseconds
2022-05-10 09:51:59,960 INFO [Write-Ahead Local State Provider Maintenance] org.wali.MinimalLockingWriteAheadLog org.wali.MinimalLockingWriteAheadLog@70f98f7a checkpointed with 1 Records and 0 Swap Files in 12 milliseconds (Stop-the-world time = 5 milliseconds, Clear Edit Logs time = 4 millis), max Transaction ID 2203
2022-05-10 09:52:13,370 INFO [pool-9-thread-1] o.a.n.c.r.WriteAheadFlowFileRepository Initiating checkpoint of FlowFile Repository
2022-05-10 09:52:13,370 INFO [pool-9-thread-1] o.a.n.c.r.WriteAheadFlowFileRepository Successfully checkpointed FlowFile Repository with 0 records in 0 milliseconds
2022-05-10 09:52:17,124 INFO [Cleanup Archive for default] o.a.n.c.repository.FileSystemRepository Successfully deleted 0 files (0 bytes) from archive
2022-05-10 09:52:33,371 INFO [pool-9-thread-1] o.a.n.c.r.WriteAheadFlowFileRepository Initiating checkpoint of FlowFile Repository
2022-05-10 09:52:33,371 INFO [pool-9-thread-1] o.a.n.c.r.WriteAheadFlowFileRepository Successfully checkpointed FlowFile Repository with 0 records in 0 milliseconds
2022-05-10 09:52:53,371 INFO [pool-9-thread-1] o.a.n.c.r.WriteAheadFlowFileRepository Initiating checkpoint of FlowFile Repository
2022-05-10 09:52:53,371 INFO [pool-9-thread-1] o.a.n.c.r.WriteAheadFlowFileRepository Successfully checkpointed FlowFile Repository with 0 records in 0 milliseconds
2022-05-10 09:53:13,372 INFO [pool-9-thread-1] o.a.n.c.r.WriteAheadFlowFileRepository Initiating checkpoint of FlowFile Repository
2022-05-10 09:53:13,372 INFO [pool-9-thread-1] o.a.n.c.r.WriteAheadFlowFileRepository Successfully checkpointed FlowFile Repository with 0 records in 0 milliseconds
2022-05-10 09:53:17,186 INFO [Cleanup Archive for default] o.a.n.c.repository.FileSystemRepository Successfully deleted 0 files (0 bytes) from archive
2022-05-10 09:53:33,372 INFO [pool-9-thread-1] o.a.n.c.r.WriteAheadFlowFileRepository Initiating checkpoint of FlowFile Repository
2022-05-10 09:53:33,372 INFO [pool-9-thread-1] o.a.n.c.r.WriteAheadFlowFileRepository Successfully checkpointed FlowFile Repository with 0 records in 0 milliseconds
2022-05-10 09:53:53,373 INFO [pool-9-thread-1] o.a.n.c.r.WriteAheadFlowFileRepository Initiating checkpoint of FlowFile Repository
2022-05-10 09:53:53,373 INFO [pool-9-thread-1] o.a.n.c.r.WriteAheadFlowFileRepository Successfully checkpointed FlowFile Repository with 0 records in 0 milliseconds
2022-05-10 09:53:59,974 INFO [Write-Ahead Local State Provider Maintenance] org.wali.MinimalLockingWriteAheadLog org.wali.MinimalLockingWriteAheadLog@70f98f7a checkpointed with 1 Records and 0 Swap Files in 13 milliseconds (Stop-the-world time = 4 milliseconds, Clear Edit Logs time = 4 millis), max Transaction ID 2203
2022-05-10 09:54:13,373 INFO [pool-9-thread-1] o.a.n.c.r.WriteAheadFlowFileRepository Initiating checkpoint of FlowFile Repository
2022-05-10 09:54:13,374 INFO [pool-9-thread-1] o.a.n.c.r.WriteAheadFlowFileRepository Successfully checkpointed FlowFile Repository with 0 records in 0 milliseconds
2022-05-10 09:54:17,250 INFO [Cleanup Archive for default] o.a.n.c.repository.FileSystemRepository Successfully deleted 0 files (0 bytes) from archive
2022-05-10 09:54:33,374 INFO [pool-9-thread-1] o.a.n.c.r.WriteAheadFlowFileRepository Initiating checkpoint of FlowFile Repository
2022-05-10 09:54:33,374 INFO [pool-9-thread-1] o.a.n.c.r.WriteAheadFlowFileRepository Successfully checkpointed FlowFile Repository with 0 records in 0 milliseconds
2022-05-10 09:54:53,374 INFO [pool-9-thread-1] o.a.n.c.r.WriteAheadFlowFileRepository Initiating checkpoint of FlowFile Repository
2022-05-10 09:54:53,375 INFO [pool-9-thread-1] o.a.n.c.r.WriteAheadFlowFileRepository Successfully checkpointed FlowFile Repository with 0 records in 0 milliseconds
2022-05-10 09:55:13,375 INFO [pool-9-thread-1] o.a.n.c.r.WriteAheadFlowFileRepository Initiating checkpoint of FlowFile Repository
2022-05-10 09:55:13,375 INFO [pool-9-thread-1] o.a.n.c.r.WriteAheadFlowFileRepository Successfully checkpointed FlowFile Repository with 0 records in 0 milliseconds
2022-05-10 09:55:17,313 INFO [Cleanup Archive for default] o.a.n.c.repository.FileSystemRepository Successfully deleted 0 files (0 bytes) from archive
2022-05-10 09:55:33,375 INFO [pool-9-thread-1] o.a.n.c.r.WriteAheadFlowFileRepository Initiating checkpoint of FlowFile Repository
2022-05-10 09:55:33,376 INFO [pool-9-thread-1] o.a.n.c.r.WriteAheadFlowFileRepository Successfully checkpointed FlowFile Repository with 0 records in 0 milliseconds
2022-05-10 09:55:53,376 INFO [pool-9-thread-1] o.a.n.c.r.WriteAheadFlowFileRepository Initiating checkpoint of FlowFile Repository
2022-05-10 09:55:53,376 INFO [pool-9-thread-1] o.a.n.c.r.WriteAheadFlowFileRepository Successfully checkpointed FlowFile Repository with 0 records in 0 milliseconds
2022-05-10 09:55:59,988 INFO [Write-Ahead Local State Provider Maintenance] org.wali.MinimalLockingWriteAheadLog org.wali.MinimalLockingWriteAheadLog@70f98f7a checkpointed with 1 Records and 0 Swap Files in 12 milliseconds (Stop-the-world time = 4 milliseconds, Clear Edit Logs time = 4 millis), max Transaction ID 2203
2022-05-10 09:56:13,377 INFO [pool-9-thread-1] o.a.n.c.r.WriteAheadFlowFileRepository Initiating checkpoint of FlowFile Repository
2022-05-10 09:56:13,377 INFO [pool-9-thread-1] o.a.n.c.r.WriteAheadFlowFileRepository Successfully checkpointed FlowFile Repository with 0 records in 0 milliseconds
2022-05-10 09:56:17,375 INFO [Cleanup Archive for default] o.a.n.c.repository.FileSystemRepository Successfully deleted 0 files (0 bytes) from archive
2022-05-10 09:56:33,377 INFO [pool-9-thread-1] o.a.n.c.r.WriteAheadFlowFileRepository Initiating checkpoint of FlowFile Repository
2022-05-10 09:56:33,377 INFO [pool-9-thread-1] o.a.n.c.r.WriteAheadFlowFileRepository Successfully checkpointed FlowFile Repository with 0 records in 0 milliseconds
2022-05-10 09:56:53,378 INFO [pool-9-thread-1] o.a.n.c.r.WriteAheadFlowFileRepository Initiating checkpoint of FlowFile Repository
2022-05-10 09:56:53,378 INFO [pool-9-thread-1] o.a.n.c.r.WriteAheadFlowFileRepository Successfully checkpointed FlowFile Repository with 0 records in 0 milliseconds
2022-05-10 09:57:13,378 INFO [pool-9-thread-1] o.a.n.c.r.WriteAheadFlowFileRepository Initiating checkpoint of FlowFile Repository
2022-05-10 09:57:13,378 INFO [pool-9-thread-1] o.a.n.c.r.WriteAheadFlowFileRepository Successfully checkpointed FlowFile Repository with 0 records in 0 milliseconds
2022-05-10 09:57:17,438 INFO [Cleanup Archive for default] o.a.n.c.repository.FileSystemRepository Successfully deleted 0 files (0 bytes) from archive
2022-05-10 09:57:33,379 INFO [pool-9-thread-1] o.a.n.c.r.WriteAheadFlowFileRepository Initiating checkpoint of FlowFile Repository
2022-05-10 09:57:33,379 INFO [pool-9-thread-1] o.a.n.c.r.WriteAheadFlowFileRepository Successfully checkpointed FlowFile Repository with 0 records in 0 milliseconds
2022-05-10 09:57:53,379 INFO [pool-9-thread-1] o.a.n.c.r.WriteAheadFlowFileRepository Initiating checkpoint of FlowFile Repository
2022-05-10 09:57:53,379 INFO [pool-9-thread-1] o.a.n.c.r.WriteAheadFlowFileRepository Successfully checkpointed FlowFile Repository with 0 records in 0 milliseconds
2022-05-10 09:58:00,000 INFO [Write-Ahead Local State Provider Maintenance] org.wali.MinimalLockingWriteAheadLog org.wali.MinimalLockingWriteAheadLog@70f98f7a checkpointed with 1 Records and 0 Swap Files in 12 milliseconds (Stop-the-world time = 4 milliseconds, Clear Edit Logs time = 4 millis), max Transaction ID 2203
2022-05-10 09:58:13,380 INFO [pool-9-thread-1] o.a.n.c.r.WriteAheadFlowFileRepository Initiating checkpoint of FlowFile Repository
2022-05-10 09:58:13,380 INFO [pool-9-thread-1] o.a.n.c.r.WriteAheadFlowFileRepository Successfully checkpointed FlowFile Repository with 0 records in 0 milliseconds
2022-05-10 09:58:17,502 INFO [Cleanup Archive for default] o.a.n.c.repository.FileSystemRepository Successfully deleted 0 files (0 bytes) from archive
2022-05-10 09:58:33,380 INFO [pool-9-thread-1] o.a.n.c.r.WriteAheadFlowFileRepository Initiating checkpoint of FlowFile Repository
2022-05-10 09:58:33,381 INFO [pool-9-thread-1] o.a.n.c.r.WriteAheadFlowFileRepository Successfully checkpointed FlowFile Repository with 0 records in 0 milliseconds
2022-05-10 09:58:53,381 INFO [pool-9-thread-1] o.a.n.c.r.WriteAheadFlowFileRepository Initiating checkpoint of FlowFile Repository
2022-05-10 09:58:53,381 INFO [pool-9-thread-1] o.a.n.c.r.WriteAheadFlowFileRepository Successfully checkpointed FlowFile Repository with 0 records in 0 milliseconds
2022-05-10 09:59:13,381 INFO [pool-9-thread-1] o.a.n.c.r.WriteAheadFlowFileRepository Initiating checkpoint of FlowFile Repository
2022-05-10 09:59:13,382 INFO [pool-9-thread-1] o.a.n.c.r.WriteAheadFlowFileRepository Successfully checkpointed FlowFile Repository with 0 records in 0 milliseconds
2022-05-10 09:59:17,565 INFO [Cleanup Archive for default] o.a.n.c.repository.FileSystemRepository Successfully deleted 0 files (0 bytes) from archive
2022-05-10 09:59:33,383 INFO [pool-9-thread-1] o.a.n.c.r.WriteAheadFlowFileRepository Initiating checkpoint of FlowFile Repository
2022-05-10 09:59:33,384 INFO [pool-9-thread-1] o.a.n.c.r.WriteAheadFlowFileRepository Successfully checkpointed FlowFile Repository with 0 records in 0 milliseconds
2022-05-10 09:59:53,384 INFO [pool-9-thread-1] o.a.n.c.r.WriteAheadFlowFileRepository Initiating checkpoint of FlowFile Repository
2022-05-10 09:59:53,384 INFO [pool-9-thread-1] o.a.n.c.r.WriteAheadFlowFileRepository Successfully checkpointed FlowFile Repository with 0 records in 0 milliseconds
